Using pre-set license
Built from '2021.3/staging' branch; Version is '2021.3.0f1 (6eacc8284459) revision 7253192'; Using compiler version '192829333'; Build Type 'Release'
OS: 'Windows 11  (10.0.22000) 64bit Core' Language: 'en' Physical Memory: 32691 MB
BatchMode: 1, IsHumanControllingUs: 0, StartBugReporterOnCrash: 0, Is64bit: 1, IsPro: 1

COMMAND LINE ARGUMENTS:
C:\Program Files\Unity\Hub\Editor\2021.3.0f1\Editor\Unity.exe
-adb2
-batchMode
-noUpm
-name
AssetImportWorker0
-projectPath
J:/GameObjectPool
-logFile
Logs/AssetImportWorker0.log
-srvPort
56484
Successfully changed project path to: J:/GameObjectPool
J:/GameObjectPool
[UnityMemory] Configuration Parameters - Can be set up in boot.config
    "memorysetup-bucket-allocator-granularity=16"
    "memorysetup-bucket-allocator-bucket-count=8"
    "memorysetup-bucket-allocator-block-size=33554432"
    "memorysetup-bucket-allocator-block-count=8"
    "memorysetup-main-allocator-block-size=16777216"
    "memorysetup-thread-allocator-block-size=16777216"
    "memorysetup-gfx-main-allocator-block-size=16777216"
    "memorysetup-gfx-thread-allocator-block-size=16777216"
    "memorysetup-cache-allocator-block-size=4194304"
    "memorysetup-typetree-allocator-block-size=2097152"
    "memorysetup-profiler-bucket-allocator-granularity=16"
    "memorysetup-profiler-bucket-allocator-bucket-count=8"
    "memorysetup-profiler-bucket-allocator-block-size=33554432"
    "memorysetup-profiler-bucket-allocator-block-count=8"
    "memorysetup-profiler-allocator-block-size=16777216"
    "memorysetup-profiler-editor-allocator-block-size=1048576"
    "memorysetup-temp-allocator-size-main=16777216"
    "memorysetup-job-temp-allocator-block-size=2097152"
    "memorysetup-job-temp-allocator-block-size-background=1048576"
    "memorysetup-job-temp-allocator-reduction-small-platforms=262144"
    "memorysetup-temp-allocator-size-background-worker=32768"
    "memorysetup-temp-allocator-size-job-worker=262144"
    "memorysetup-temp-allocator-size-preload-manager=33554432"
    "memorysetup-temp-allocator-size-nav-mesh-worker=65536"
    "memorysetup-temp-allocator-size-audio-worker=65536"
    "memorysetup-temp-allocator-size-cloud-worker=32768"
    "memorysetup-temp-allocator-size-gi-baking-worker=262144"
    "memorysetup-temp-allocator-size-gfx=262144"
Refreshing native plugins compatible for Editor in 44.82 ms, found 2 plugins.
Preloading 0 native plugins for Editor in 0.00 ms.
Initialize engine version: 2021.3.0f1 (6eacc8284459)
[Subsystems] Discovering subsystems at path C:/Program Files/Unity/Hub/Editor/2021.3.0f1/Editor/Data/Resources/UnitySubsystems
[Subsystems] Discovering subsystems at path J:/GameObjectPool/Assets
GfxDevice: creating device client; threaded=0; jobified=0
Direct3D:
    Version:  Direct3D 11.0 [level 11.1]
    Renderer: NVIDIA GeForce RTX 2080 SUPER (ID=0x1e81)
    Vendor:   NVIDIA
    VRAM:     8010 MB
    Driver:   30.0.15.1215
Initialize mono
Mono path[0] = 'C:/Program Files/Unity/Hub/Editor/2021.3.0f1/Editor/Data/Managed'
Mono path[1] = 'C:/Program Files/Unity/Hub/Editor/2021.3.0f1/Editor/Data/MonoBleedingEdge/lib/mono/unityjit-win32'
Mono config path = 'C:/Program Files/Unity/Hub/Editor/2021.3.0f1/Editor/Data/MonoBleedingEdge/etc'
Using monoOptions --debugger-agent=transport=dt_socket,embedding=1,server=y,suspend=n,address=127.0.0.1:56324
Begin MonoManager ReloadAssembly
Registering precompiled unity dll's ...
Register platform support module: C:/Program Files/Unity/Hub/Editor/2021.3.0f1/Editor/Data/PlaybackEngines/WindowsStandaloneSupport/UnityEditor.WindowsStandalone.Extensions.dll
Registered in 0.003921 seconds.
Native extension for WindowsStandalone target not found
Refreshing native plugins compatible for Editor in 39.47 ms, found 2 plugins.
Preloading 0 native plugins for Editor in 0.00 ms.
Mono: successfully reloaded assembly
- Completed reload, in  0.629 seconds
Domain Reload Profiling:
	ReloadAssembly (629ms)
		BeginReloadAssembly (74ms)
			ExecutionOrderSort (0ms)
			DisableScriptedObjects (0ms)
			BackupInstance (0ms)
			ReleaseScriptingObjects (0ms)
			CreateAndSetChildDomain (1ms)
		EndReloadAssembly (438ms)
			LoadAssemblies (72ms)
			RebuildTransferFunctionScriptingTraits (0ms)
			SetupTypeCache (106ms)
			ReleaseScriptCaches (0ms)
			RebuildScriptCaches (29ms)
			SetupLoadedEditorAssemblies (251ms)
				LogAssemblyErrors (0ms)
				InitializePlatformSupportModulesInManaged (7ms)
				SetLoadedEditorAssemblies (0ms)
				RefreshPlugins (40ms)
				BeforeProcessingInitializeOnLoad (1ms)
				ProcessInitializeOnLoadAttributes (154ms)
				ProcessInitializeOnLoadMethodAttributes (49ms)
				AfterProcessingInitializeOnLoad (0ms)
				EditorAssembliesLoaded (0ms)
			ExecutionOrderSort2 (0ms)
			AwakeInstancesAfterBackupRestoration (0ms)
Platform modules already initialized, skipping
Registering precompiled user dll's ...
Registered in 0.002106 seconds.
Begin MonoManager ReloadAssembly
Symbol file LoadedFromMemory is not a mono symbol file
Native extension for WindowsStandalone target not found
Refreshing native plugins compatible for Editor in 0.70 ms, found 2 plugins.
Preloading 0 native plugins for Editor in 0.00 ms.
Package Manager log level set to [2]
Mono: successfully reloaded assembly
- Completed reload, in  1.032 seconds
Domain Reload Profiling:
	ReloadAssembly (1033ms)
		BeginReloadAssembly (110ms)
			ExecutionOrderSort (0ms)
			DisableScriptedObjects (6ms)
			BackupInstance (0ms)
			ReleaseScriptingObjects (0ms)
			CreateAndSetChildDomain (18ms)
		EndReloadAssembly (796ms)
			LoadAssemblies (79ms)
			RebuildTransferFunctionScriptingTraits (0ms)
			SetupTypeCache (176ms)
			ReleaseScriptCaches (1ms)
			RebuildScriptCaches (48ms)
			SetupLoadedEditorAssemblies (445ms)
				LogAssemblyErrors (0ms)
				InitializePlatformSupportModulesInManaged (5ms)
				SetLoadedEditorAssemblies (1ms)
				RefreshPlugins (1ms)
				BeforeProcessingInitializeOnLoad (63ms)
				ProcessInitializeOnLoadAttributes (224ms)
				ProcessInitializeOnLoadMethodAttributes (147ms)
				AfterProcessingInitializeOnLoad (6ms)
				EditorAssembliesLoaded (0ms)
			ExecutionOrderSort2 (0ms)
			AwakeInstancesAfterBackupRestoration (6ms)
Platform modules already initialized, skipping
========================================================================
Worker process is ready to serve import requests
Launched and connected shader compiler UnityShaderCompiler.exe after 0.05 seconds
Refreshing native plugins compatible for Editor in 0.79 ms, found 2 plugins.
Preloading 0 native plugins for Editor in 0.00 ms.
Unloading 2178 Unused Serialized files (Serialized files now loaded: 0)
Unloading 55 unused Assets / (57.1 KB). Loaded Objects now: 2615.
Memory consumption went from 85.6 MB to 85.6 MB.
Total: 7.278900 ms (FindLiveObjects: 0.243300 ms CreateObjectMapping: 0.056700 ms MarkObjects: 6.860800 ms  DeleteObjects: 0.116100 ms)

AssetImportParameters requested are different than current active one (requested -> active):
  custom:video-decoder-ogg-theora: a1e56fd34408186e4bbccfd4996cb3dc -> 
  custom:container-muxer-webm: aa71ff27fc2769a1b78a27578f13a17b -> 
  custom:container-demuxer-webm: 4f35f7cbe854078d1ac9338744f61a02 -> 
  custom:video-encoder-webm-vp8: eb34c28f22e8b96e1ab97ce403110664 -> 
  custom:audio-encoder-webm-vorbis: bf7c407c2cedff20999df2af8eb42d56 -> 
  custom:framework-win-MediaFoundation: 216162199b28c13a410421893ffa2e32 -> 
  custom:container-demuxer-ogg: 62fdf1f143b41e24485cea50d1cbac27 -> 
  custom:video-decoder-webm-vp8: 9c59270c3fd7afecdb556c50c9e8de78 -> 
  custom:audio-decoder-ogg-vorbis: bf7c407c2cedff20999df2af8eb42d56 -> 
========================================================================
Received Import Request.
  Time since last request: 83448.555236 seconds.
  path: Assets/ObjectPool/Scripts/Pool.cs
  artifactKey: Guid(cc3c3be57fcf6bc41a5722f7a5014216) Importer(815301076,1909f56bfc062723c751e8b465ee728b)
Start importing Assets/ObjectPool/Scripts/Pool.cs using Guid(cc3c3be57fcf6bc41a5722f7a5014216) Importer(815301076,1909f56bfc062723c751e8b465ee728b)  -> (artifact id: 'e3e2489ed636e17b70a48ec10ce62675') in 0.035826 seconds 
========================================================================
Received Import Request.
  Time since last request: 0.000023 seconds.
  path: Assets/ObjectPool/Example/Prefabs
  artifactKey: Guid(c9b981af72586124691d60616644d7ad) Importer(815301076,1909f56bfc062723c751e8b465ee728b)
Start importing Assets/ObjectPool/Example/Prefabs using Guid(c9b981af72586124691d60616644d7ad) Importer(815301076,1909f56bfc062723c751e8b465ee728b)  -> (artifact id: '96ce970c592624c6d057858a3a8d543a') in 0.007051 seconds 
========================================================================
Received Import Request.
  Time since last request: 0.000515 seconds.
  path: Assets/ObjectPool/Scripts/PoolSettings.cs
  artifactKey: Guid(ba56bcfb9bd460f4e93106bdb19f4e84) Importer(815301076,1909f56bfc062723c751e8b465ee728b)
Start importing Assets/ObjectPool/Scripts/PoolSettings.cs using Guid(ba56bcfb9bd460f4e93106bdb19f4e84) Importer(815301076,1909f56bfc062723c751e8b465ee728b)  -> (artifact id: '8282b478c4d48f3a337dc5dda6229a8d') in 0.005566 seconds 
========================================================================
Received Import Request.
  Time since last request: 0.000315 seconds.
  path: Assets/ObjectPool/Example/Scripts/Shape.cs
  artifactKey: Guid(5c82982622190dc42a3411d922bfaa23) Importer(815301076,1909f56bfc062723c751e8b465ee728b)
Start importing Assets/ObjectPool/Example/Scripts/Shape.cs using Guid(5c82982622190dc42a3411d922bfaa23) Importer(815301076,1909f56bfc062723c751e8b465ee728b)  -> (artifact id: 'd297fd52ac6b3153f884648cfec7ffb1') in 0.004815 seconds 
========================================================================
Received Import Request.
  Time since last request: 0.000527 seconds.
  path: Assets/ObjectPool/Example/Scripts/Benchmarker.cs
  artifactKey: Guid(6b9ad2937fa2db4489af5863f635956b) Importer(815301076,1909f56bfc062723c751e8b465ee728b)
Start importing Assets/ObjectPool/Example/Scripts/Benchmarker.cs using Guid(6b9ad2937fa2db4489af5863f635956b) Importer(815301076,1909f56bfc062723c751e8b465ee728b)  -> (artifact id: 'b826e2bad56580208f86985780c11ace') in 0.004620 seconds 
========================================================================
Received Import Request.
  Time since last request: 0.000789 seconds.
  path: Assets/ObjectPool/Example/Scripts/PoolDiagnostics.cs
  artifactKey: Guid(0d50cbe63d79246418e70a1532fa3879) Importer(815301076,1909f56bfc062723c751e8b465ee728b)
Start importing Assets/ObjectPool/Example/Scripts/PoolDiagnostics.cs using Guid(0d50cbe63d79246418e70a1532fa3879) Importer(815301076,1909f56bfc062723c751e8b465ee728b)  -> (artifact id: 'c95a8fa473d2e702af6d94dafa4d1c48') in 0.004601 seconds 
========================================================================
Received Import Request.
  Time since last request: 0.000535 seconds.
  path: Assets/ObjectPool/Scripts/PooledItem.cs
  artifactKey: Guid(5fa14287305d3db43a3f86b36fb810fd) Importer(815301076,1909f56bfc062723c751e8b465ee728b)
Start importing Assets/ObjectPool/Scripts/PooledItem.cs using Guid(5fa14287305d3db43a3f86b36fb810fd) Importer(815301076,1909f56bfc062723c751e8b465ee728b)  -> (artifact id: '4679d39e58ff9946d2a91de5ce5fd345') in 0.004704 seconds 
========================================================================
Received Import Request.
  Time since last request: 0.035624 seconds.
  path: Assets/ObjectPool/Scripts/PoolManagerEditor.cs
  artifactKey: Guid(df1b4e17ba9c186488b7e286f686a37c) Importer(815301076,1909f56bfc062723c751e8b465ee728b)
Start importing Assets/ObjectPool/Scripts/PoolManagerEditor.cs using Guid(df1b4e17ba9c186488b7e286f686a37c) Importer(815301076,1909f56bfc062723c751e8b465ee728b)  -> (artifact id: '34d065b98d465ac6a1287215c3888d2f') in 0.004868 seconds 
========================================================================
Received Import Request.
  Time since last request: 0.002699 seconds.
  path: Assets/ObjectPool/Example/README.md
  artifactKey: Guid(49a33f8b70016534783143ca2ad2f28d) Importer(815301076,1909f56bfc062723c751e8b465ee728b)
Start importing Assets/ObjectPool/Example/README.md using Guid(49a33f8b70016534783143ca2ad2f28d) Importer(815301076,1909f56bfc062723c751e8b465ee728b)  -> (artifact id: 'eaa3331753cbce81c1aff6dc6f960059') in 0.019827 seconds 
========================================================================
Received Import Request.
  Time since last request: 0.002794 seconds.
  path: Assets/ObjectPool/Example/Scripts/ShapeManager.cs
  artifactKey: Guid(d7cfa7df670d95742868a9d8538a1f20) Importer(815301076,1909f56bfc062723c751e8b465ee728b)
Start importing Assets/ObjectPool/Example/Scripts/ShapeManager.cs using Guid(d7cfa7df670d95742868a9d8538a1f20) Importer(815301076,1909f56bfc062723c751e8b465ee728b)  -> (artifact id: '648518ab9db02c1cb65d661ecdcd0e0f') in 0.004135 seconds 
========================================================================
Received Import Request.
  Time since last request: 0.001480 seconds.
  path: Assets/ObjectPool
  artifactKey: Guid(9b1eebfaef480244c9de3ccb8be6758e) Importer(815301076,1909f56bfc062723c751e8b465ee728b)
Start importing Assets/ObjectPool using Guid(9b1eebfaef480244c9de3ccb8be6758e) Importer(815301076,1909f56bfc062723c751e8b465ee728b)  -> (artifact id: '5a98d85b1d6808dcf1f9692c2fe6f2fc') in 0.004113 seconds 
========================================================================
Received Import Request.
  Time since last request: 0.001446 seconds.
  path: Assets/ObjectPool/Prefabs
  artifactKey: Guid(3882cfbaa7bbae14a9bb75eed9dea289) Importer(815301076,1909f56bfc062723c751e8b465ee728b)
Start importing Assets/ObjectPool/Prefabs using Guid(3882cfbaa7bbae14a9bb75eed9dea289) Importer(815301076,1909f56bfc062723c751e8b465ee728b)  -> (artifact id: '5ab509655278061a93f8f65abbb4891f') in 0.001246 seconds 
========================================================================
Received Import Request.
  Time since last request: 0.002929 seconds.
  path: Assets/ObjectPool/Example/Scenes/Example.unity
  artifactKey: Guid(6b17a9cf717e48d4181d70d1d5d6be86) Importer(815301076,1909f56bfc062723c751e8b465ee728b)
Start importing Assets/ObjectPool/Example/Scenes/Example.unity using Guid(6b17a9cf717e48d4181d70d1d5d6be86) Importer(815301076,1909f56bfc062723c751e8b465ee728b)  -> (artifact id: '784dcc3bae8c32c19de79881920b6689') in 0.004218 seconds 
========================================================================
Received Import Request.
  Time since last request: 0.003255 seconds.
  path: Assets/Resources/BillingMode.json
  artifactKey: Guid(a5586614a25325e41bbd89f6808cb387) Importer(815301076,1909f56bfc062723c751e8b465ee728b)
Start importing Assets/Resources/BillingMode.json using Guid(a5586614a25325e41bbd89f6808cb387) Importer(815301076,1909f56bfc062723c751e8b465ee728b)  -> (artifact id: '363923b7358f383e3bb4bc4f8f960c05') in 0.012180 seconds 
========================================================================
Received Import Request.
  Time since last request: 0.002541 seconds.
  path: Assets/ObjectPool/Example/Prefabs/Cube.prefab
  artifactKey: Guid(7aa29bc7804e6b94bb43136a04e2f70e) Importer(815301076,1909f56bfc062723c751e8b465ee728b)
Start importing Assets/ObjectPool/Example/Prefabs/Cube.prefab using Guid(7aa29bc7804e6b94bb43136a04e2f70e) Importer(815301076,1909f56bfc062723c751e8b465ee728b)  -> (artifact id: 'a6208e78a8581cdddd3c5cdbbee4da5e') in 0.346785 seconds 
========================================================================
Received Import Request.
  Time since last request: 0.001904 seconds.
  path: Assets/ObjectPool/Example/Scenes
  artifactKey: Guid(4ba0b035b4fe90547959271936b67cb7) Importer(815301076,1909f56bfc062723c751e8b465ee728b)
Start importing Assets/ObjectPool/Example/Scenes using Guid(4ba0b035b4fe90547959271936b67cb7) Importer(815301076,1909f56bfc062723c751e8b465ee728b)  -> (artifact id: '2a94605d5c87fa7c870fa0c359723253') in 0.004651 seconds 
========================================================================
Received Import Request.
  Time since last request: 0.001567 seconds.
  path: Assets/Resources
  artifactKey: Guid(a8a27f78b94a76b458f69a0286feccf6) Importer(815301076,1909f56bfc062723c751e8b465ee728b)
Start importing Assets/Resources using Guid(a8a27f78b94a76b458f69a0286feccf6) Importer(815301076,1909f56bfc062723c751e8b465ee728b)  -> (artifact id: '3288883f9393bcdffeb5bf276d19402e') in 0.004171 seconds 
========================================================================
Received Import Request.
  Time since last request: 0.003431 seconds.
  path: Assets/ObjectPool/Documentation.pdf
  artifactKey: Guid(5d402b0ed75595a4ca2d7cafbd3a5af2) Importer(815301076,1909f56bfc062723c751e8b465ee728b)
Start importing Assets/ObjectPool/Documentation.pdf using Guid(5d402b0ed75595a4ca2d7cafbd3a5af2) Importer(815301076,1909f56bfc062723c751e8b465ee728b)  -> (artifact id: 'e835c8521875d73ab03a7b9003d1f26b') in 0.008870 seconds 
========================================================================
Received Import Request.
  Time since last request: 0.001169 seconds.
  path: Assets/ObjectPool/Example/Scripts
  artifactKey: Guid(d80e51979190ed0478ccbe2f22206619) Importer(815301076,1909f56bfc062723c751e8b465ee728b)
Start importing Assets/ObjectPool/Example/Scripts using Guid(d80e51979190ed0478ccbe2f22206619) Importer(815301076,1909f56bfc062723c751e8b465ee728b)  -> (artifact id: 'b992db791cea2352162e2f20ac312c7b') in 0.004171 seconds 
========================================================================
Received Import Request.
  Time since last request: 0.002768 seconds.
  path: Assets/ObjectPool/Example/Prefabs/Sphere.prefab
  artifactKey: Guid(a190bad6138ae9444a900486a95d3d30) Importer(815301076,1909f56bfc062723c751e8b465ee728b)
Start importing Assets/ObjectPool/Example/Prefabs/Sphere.prefab using Guid(a190bad6138ae9444a900486a95d3d30) Importer(815301076,1909f56bfc062723c751e8b465ee728b)  -> (artifact id: 'f05f3484cf5ae65d77b21fc1a497723a') in 0.010682 seconds 
========================================================================
Received Import Request.
  Time since last request: 0.003808 seconds.
  path: Assets/ObjectPool/Scripts/PoolManager.cs
  artifactKey: Guid(0dda56d895cffe44dadc9670de012a1b) Importer(815301076,1909f56bfc062723c751e8b465ee728b)
Start importing Assets/ObjectPool/Scripts/PoolManager.cs using Guid(0dda56d895cffe44dadc9670de012a1b) Importer(815301076,1909f56bfc062723c751e8b465ee728b)  -> (artifact id: '4d646f1de6ddb6ed78d1fb5bb042e07d') in 0.004375 seconds 
========================================================================
Received Import Request.
  Time since last request: 0.001828 seconds.
  path: Assets/ObjectPool/Scripts
  artifactKey: Guid(924bf7a1bb5683d41b808c0984aad3dc) Importer(815301076,1909f56bfc062723c751e8b465ee728b)
Start importing Assets/ObjectPool/Scripts using Guid(924bf7a1bb5683d41b808c0984aad3dc) Importer(815301076,1909f56bfc062723c751e8b465ee728b)  -> (artifact id: 'f463cd8a481a1a818de3d716e6219248') in 0.001349 seconds 
========================================================================
Received Import Request.
  Time since last request: 0.001501 seconds.
  path: Assets/ObjectPool/Example
  artifactKey: Guid(0b13d3bdb2e66534997a463f4fa29f9a) Importer(815301076,1909f56bfc062723c751e8b465ee728b)
Start importing Assets/ObjectPool/Example using Guid(0b13d3bdb2e66534997a463f4fa29f9a) Importer(815301076,1909f56bfc062723c751e8b465ee728b)  -> (artifact id: 'a81097e00a6695e4c7e0635e3ae214a4') in 0.004235 seconds 
========================================================================
Received Import Request.
  Time since last request: 0.003423 seconds.
  path: Assets/ObjectPool/Prefabs/Pool.prefab
  artifactKey: Guid(f21604c8e7b2cf24fa4aaae27dc0a7c0) Importer(815301076,1909f56bfc062723c751e8b465ee728b)
Start importing Assets/ObjectPool/Prefabs/Pool.prefab using Guid(f21604c8e7b2cf24fa4aaae27dc0a7c0) Importer(815301076,1909f56bfc062723c751e8b465ee728b)  -> (artifact id: '95b84b72e8643d1d8ab1183a8ab5a4b0') in 0.004363 seconds 
